<?xml version="1.0" encoding="UTF-8"?>
<!-- Generated by org.testng.reporters.JUnitXMLReporter -->
<testsuite ignored="1" hostname="LAPTOP-IAKU8825" failures="0" tests="1" name="Default test" time="8.548" errors="0" timestamp="2023-09-13T13:13:30 IST">
  <testcase classname="tsetpackage.LogInTestCase" name="loginUsingInvalidCred" time="2.952"/>
  <testcase classname="tsetpackage.LogInTestCase" name="loginUsingValidCred" time="0.0">
    <ignored/>
  </testcase> <!-- loginUsingValidCred -->
</testsuite> <!-- Default test -->
