<?xml version="1.0" encoding="UTF-8"?>
<!-- Generated by org.testng.reporters.JUnitXMLReporter -->
<testsuite ignored="1" hostname="LAPTOP-IAKU8825" failures="0" tests="1" name="Default test" time="21.512" errors="0" timestamp="2023-09-13T20:25:38 IST">
  <testcase classname="tsetpackage.DashBoardTest" name="validatingTodaysAttendanceFunc" time="0.146"/>
  <testcase classname="tsetpackage.DashBoardTest" name="validatingDropdown" time="0.0">
    <ignored/>
  </testcase> <!-- validatingDropdown -->
</testsuite> <!-- Default test -->
