<?xml version="1.0" encoding="UTF-8"?>
<testng-results ignored="1" total="2" passed="1" failed="0" skipped="0">
  <reporter-output>
  </reporter-output>
  <suite started-at="2023-09-13T13:13:22 IST" name="Default suite" finished-at="2023-09-13T13:13:30 IST" duration-ms="8548">
    <groups>
    </groups>
    <test started-at="2023-09-13T13:13:22 IST" name="Default test" finished-at="2023-09-13T13:13:30 IST" duration-ms="8548">
      <class name="tsetpackage.LogInTestCase">
        <test-method is-config="true" signature="setUp()[pri:0, instance:tsetpackage.LogInTestCase@6253c26]" started-at="2023-09-13T13:13:22 IST" name="setUp" finished-at="2023-09-13T13:13:27 IST" duration-ms="5541" status="PASS">
          <reporter-output>
          </reporter-output>
        </test-method> <!-- setUp -->
        <test-method signature="loginUsingInvalidCred()[pri:0, instance:tsetpackage.LogInTestCase@6253c26]" started-at="2023-09-13T13:13:27 IST" name="loginUsingInvalidCred" finished-at="2023-09-13T13:13:30 IST" duration-ms="2952" status="PASS">
          <reporter-output>
          </reporter-output>
        </test-method> <!-- loginUsingInvalidCred -->
      </class> <!-- tsetpackage.LogInTestCase -->
    </test> <!-- Default test -->
  </suite> <!-- Default suite -->
</testng-results>
