<?xml version="1.0" encoding="UTF-8"?>
<testng-results ignored="1" total="2" passed="1" failed="0" skipped="0">
  <reporter-output>
  </reporter-output>
  <suite started-at="2023-09-13T20:25:16 IST" name="Default suite" finished-at="2023-09-13T20:25:38 IST" duration-ms="21512">
    <groups>
    </groups>
    <test started-at="2023-09-13T20:25:16 IST" name="Default test" finished-at="2023-09-13T20:25:38 IST" duration-ms="21512">
      <class name="tsetpackage.DashBoardTest">
        <test-method is-config="true" signature="setUp()[pri:0, instance:tsetpackage.DashBoardTest@49049a04]" started-at="2023-09-13T20:25:16 IST" name="setUp" finished-at="2023-09-13T20:25:23 IST" duration-ms="6126" status="PASS">
          <reporter-output>
          </reporter-output>
        </test-method> <!-- setUp -->
        <test-method is-config="true" signature="LogIN()[pri:0, instance:tsetpackage.DashBoardTest@49049a04]" started-at="2023-09-13T20:25:23 IST" name="LogIN" finished-at="2023-09-13T20:25:38 IST" duration-ms="15196" status="PASS">
          <reporter-output>
          </reporter-output>
        </test-method> <!-- LogIN -->
        <test-method signature="validatingTodaysAttendanceFunc()[pri:0, instance:tsetpackage.DashBoardTest@49049a04]" started-at="2023-09-13T20:25:38 IST" name="validatingTodaysAttendanceFunc" finished-at="2023-09-13T20:25:38 IST" duration-ms="146" status="PASS">
          <reporter-output>
          </reporter-output>
        </test-method> <!-- validatingTodaysAttendanceFunc -->
      </class> <!-- tsetpackage.DashBoardTest -->
    </test> <!-- Default test -->
  </suite> <!-- Default suite -->
</testng-results>
